[31merror[39m  2020-05-06 08:05:13  uncaughtException: JwtStrategy requires a function to retrieve jwt from requests (see option jwtFromRequest)
TypeError: JwtStrategy requires a function to retrieve jwt from requests (see option jwtFromRequest)
    at new JwtStrategy (/home/dhoaison/Desktop/node-chatbox/node_modules/passport-jwt/lib/strategy.js:55:15)
    at passportMiddleware (/home/dhoaison/Desktop/node-chatbox/src/middlewares/passport.js:64:18)
    at Object.<anonymous> (/home/dhoaison/Desktop/node-chatbox/src/routes/v1.js:16:1)
    at Module._compile (internal/modules/cjs/loader.js:778:30)
    at Module._compile (/home/dhoaison/Desktop/node-chatbox/node_modules/pirates/lib/index.js:99:24)
    at Module._extensions..js (internal/modules/cjs/loader.js:789:10)
    at Object.newLoader [as .js] (/home/dhoaison/Desktop/node-chatbox/node_modules/pirates/lib/index.js:104:7)
    at Module.load (internal/modules/cjs/loader.js:653:32)
    at tryModuleLoad (internal/modules/cjs/loader.js:593:12)
    at Function.Module._load (internal/modules/cjs/loader.js:585:3)
    at Module.require (internal/modules/cjs/loader.js:692:17)
    at require (internal/modules/cjs/helpers.js:25:18)
    at Object.<anonymous> (/home/dhoaison/Desktop/node-chatbox/src/index.js:7:12)
    at Module._compile (internal/modules/cjs/loader.js:778:30)
    at Module._compile (/home/dhoaison/Desktop/node-chatbox/node_modules/pirates/lib/index.js:99:24)
    at Module._extensions..js (internal/modules/cjs/loader.js:789:10)
    at Object.newLoader [as .js] (/home/dhoaison/Desktop/node-chatbox/node_modules/pirates/lib/index.js:104:7)
    at Module.load (internal/modules/cjs/loader.js:653:32)
    at tryModuleLoad (internal/modules/cjs/loader.js:593:12)
    at Function.Module._load (internal/modules/cjs/loader.js:585:3)
    at Function.Module.runMain (internal/modules/cjs/loader.js:831:12)
    at Object.<anonymous> (/home/dhoaison/Desktop/node-chatbox/node_modules/@babel/node/lib/_babel-node.js:180:21) 
[31merror[39m  2020-05-06 08:06:58  uncaughtException: Cannot find module 'logger'
Error: Cannot find module 'logger'
    at Function.Module._resolveFilename (internal/modules/cjs/loader.js:636:15)
    at Function.Module._load (internal/modules/cjs/loader.js:562:25)
    at Module.require (internal/modules/cjs/loader.js:692:17)
    at require (internal/modules/cjs/helpers.js:25:18)
    at Object.<anonymous> (/home/dhoaison/Desktop/node-chatbox/src/index.js:8:16)
    at Module._compile (internal/modules/cjs/loader.js:778:30)
    at Module._compile (/home/dhoaison/Desktop/node-chatbox/node_modules/pirates/lib/index.js:99:24)
    at Module._extensions..js (internal/modules/cjs/loader.js:789:10)
    at Object.newLoader [as .js] (/home/dhoaison/Desktop/node-chatbox/node_modules/pirates/lib/index.js:104:7)
    at Module.load (internal/modules/cjs/loader.js:653:32)
    at tryModuleLoad (internal/modules/cjs/loader.js:593:12)
    at Function.Module._load (internal/modules/cjs/loader.js:585:3)
    at Function.Module.runMain (internal/modules/cjs/loader.js:831:12)
    at Object.<anonymous> (/home/dhoaison/Desktop/node-chatbox/node_modules/@babel/node/lib/_babel-node.js:180:21)
    at Module._compile (internal/modules/cjs/loader.js:778:30)
    at Object.Module._extensions..js (internal/modules/cjs/loader.js:789:10)
    at Module.load (internal/modules/cjs/loader.js:653:32)
    at tryModuleLoad (internal/modules/cjs/loader.js:593:12)
    at Function.Module._load (internal/modules/cjs/loader.js:585:3)
    at Function.Module.runMain (internal/modules/cjs/loader.js:831:12)
    at startup (internal/bootstrap/node.js:283:19)
    at bootstrapNodeJSCore (internal/bootstrap/node.js:623:3) 
[31merror[39m  2020-05-06 09:41:11  uncaughtException: listen EADDRINUSE: address already in use :::8000
Error: listen EADDRINUSE: address already in use :::8000
    at Server.setupListenHandle [as _listen2] (net.js:1280:14)
    at listenInCluster (net.js:1328:12)
    at Server.listen (net.js:1415:7)
    at Function.listen (/home/dhoaison/Desktop/node-chatbox/node_modules/express/lib/application.js:618:24)
    at Object.<anonymous> (/home/dhoaison/Desktop/node-chatbox/src/index.js:31:5)
    at Module._compile (internal/modules/cjs/loader.js:778:30)
    at Module._compile (/home/dhoaison/Desktop/node-chatbox/node_modules/pirates/lib/index.js:99:24)
    at Module._extensions..js (internal/modules/cjs/loader.js:789:10)
    at Object.newLoader [as .js] (/home/dhoaison/Desktop/node-chatbox/node_modules/pirates/lib/index.js:104:7)
    at Module.load (internal/modules/cjs/loader.js:653:32)
    at tryModuleLoad (internal/modules/cjs/loader.js:593:12)
    at Function.Module._load (internal/modules/cjs/loader.js:585:3)
    at Function.Module.runMain (internal/modules/cjs/loader.js:831:12)
    at Object.<anonymous> (/home/dhoaison/Desktop/node-chatbox/node_modules/@babel/node/lib/_babel-node.js:180:21)
    at Module._compile (internal/modules/cjs/loader.js:778:30)
    at Object.Module._extensions..js (internal/modules/cjs/loader.js:789:10)
    at Module.load (internal/modules/cjs/loader.js:653:32)
    at tryModuleLoad (internal/modules/cjs/loader.js:593:12)
    at Function.Module._load (internal/modules/cjs/loader.js:585:3)
    at Function.Module.runMain (internal/modules/cjs/loader.js:831:12)
    at startup (internal/bootstrap/node.js:283:19)
    at bootstrapNodeJSCore (internal/bootstrap/node.js:623:3) 
[31merror[39m  2020-05-06 09:47:21  uncaughtException: listen EADDRINUSE: address already in use :::8000
Error: listen EADDRINUSE: address already in use :::8000
    at Server.setupListenHandle [as _listen2] (net.js:1280:14)
    at listenInCluster (net.js:1328:12)
    at Server.listen (net.js:1415:7)
    at Function.listen (/home/dhoaison/Desktop/node-chatbox/node_modules/express/lib/application.js:618:24)
    at Object.<anonymous> (/home/dhoaison/Desktop/node-chatbox/src/index.js:31:5)
    at Module._compile (internal/modules/cjs/loader.js:778:30)
    at Module._compile (/home/dhoaison/Desktop/node-chatbox/node_modules/pirates/lib/index.js:99:24)
    at Module._extensions..js (internal/modules/cjs/loader.js:789:10)
    at Object.newLoader [as .js] (/home/dhoaison/Desktop/node-chatbox/node_modules/pirates/lib/index.js:104:7)
    at Module.load (internal/modules/cjs/loader.js:653:32)
    at tryModuleLoad (internal/modules/cjs/loader.js:593:12)
    at Function.Module._load (internal/modules/cjs/loader.js:585:3)
    at Function.Module.runMain (internal/modules/cjs/loader.js:831:12)
    at Object.<anonymous> (/home/dhoaison/Desktop/node-chatbox/node_modules/@babel/node/lib/_babel-node.js:180:21)
    at Module._compile (internal/modules/cjs/loader.js:778:30)
    at Object.Module._extensions..js (internal/modules/cjs/loader.js:789:10)
    at Module.load (internal/modules/cjs/loader.js:653:32)
    at tryModuleLoad (internal/modules/cjs/loader.js:593:12)
    at Function.Module._load (internal/modules/cjs/loader.js:585:3)
    at Function.Module.runMain (internal/modules/cjs/loader.js:831:12)
    at startup (internal/bootstrap/node.js:283:19)
    at bootstrapNodeJSCore (internal/bootstrap/node.js:623:3) 
[31merror[39m  2020-05-06 09:48:12  uncaughtException: listen EADDRINUSE: address already in use :::8000
Error: listen EADDRINUSE: address already in use :::8000
    at Server.setupListenHandle [as _listen2] (net.js:1280:14)
    at listenInCluster (net.js:1328:12)
    at Server.listen (net.js:1415:7)
    at Function.listen (/home/dhoaison/Desktop/node-chatbox/node_modules/express/lib/application.js:618:24)
    at Object.<anonymous> (/home/dhoaison/Desktop/node-chatbox/src/index.js:31:5)
    at Module._compile (internal/modules/cjs/loader.js:778:30)
    at Module._compile (/home/dhoaison/Desktop/node-chatbox/node_modules/pirates/lib/index.js:99:24)
    at Module._extensions..js (internal/modules/cjs/loader.js:789:10)
    at Object.newLoader [as .js] (/home/dhoaison/Desktop/node-chatbox/node_modules/pirates/lib/index.js:104:7)
    at Module.load (internal/modules/cjs/loader.js:653:32)
    at tryModuleLoad (internal/modules/cjs/loader.js:593:12)
    at Function.Module._load (internal/modules/cjs/loader.js:585:3)
    at Function.Module.runMain (internal/modules/cjs/loader.js:831:12)
    at Object.<anonymous> (/home/dhoaison/Desktop/node-chatbox/node_modules/@babel/node/lib/_babel-node.js:180:21)
    at Module._compile (internal/modules/cjs/loader.js:778:30)
    at Object.Module._extensions..js (internal/modules/cjs/loader.js:789:10)
    at Module.load (internal/modules/cjs/loader.js:653:32)
    at tryModuleLoad (internal/modules/cjs/loader.js:593:12)
    at Function.Module._load (internal/modules/cjs/loader.js:585:3)
    at Function.Module.runMain (internal/modules/cjs/loader.js:831:12)
    at startup (internal/bootstrap/node.js:283:19)
    at bootstrapNodeJSCore (internal/bootstrap/node.js:623:3) 
[31merror[39m  2020-05-06 09:48:19  uncaughtException: listen EADDRINUSE: address already in use :::8000
Error: listen EADDRINUSE: address already in use :::8000
    at Server.setupListenHandle [as _listen2] (net.js:1280:14)
    at listenInCluster (net.js:1328:12)
    at Server.listen (net.js:1415:7)
    at Function.listen (/home/dhoaison/Desktop/node-chatbox/node_modules/express/lib/application.js:618:24)
    at Object.<anonymous> (/home/dhoaison/Desktop/node-chatbox/src/index.js:31:5)
    at Module._compile (internal/modules/cjs/loader.js:778:30)
    at Module._compile (/home/dhoaison/Desktop/node-chatbox/node_modules/pirates/lib/index.js:99:24)
    at Module._extensions..js (internal/modules/cjs/loader.js:789:10)
    at Object.newLoader [as .js] (/home/dhoaison/Desktop/node-chatbox/node_modules/pirates/lib/index.js:104:7)
    at Module.load (internal/modules/cjs/loader.js:653:32)
    at tryModuleLoad (internal/modules/cjs/loader.js:593:12)
    at Function.Module._load (internal/modules/cjs/loader.js:585:3)
    at Function.Module.runMain (internal/modules/cjs/loader.js:831:12)
    at Object.<anonymous> (/home/dhoaison/Desktop/node-chatbox/node_modules/@babel/node/lib/_babel-node.js:180:21)
    at Module._compile (internal/modules/cjs/loader.js:778:30)
    at Object.Module._extensions..js (internal/modules/cjs/loader.js:789:10)
    at Module.load (internal/modules/cjs/loader.js:653:32)
    at tryModuleLoad (internal/modules/cjs/loader.js:593:12)
    at Function.Module._load (internal/modules/cjs/loader.js:585:3)
    at Function.Module.runMain (internal/modules/cjs/loader.js:831:12)
    at startup (internal/bootstrap/node.js:283:19)
    at bootstrapNodeJSCore (internal/bootstrap/node.js:623:3) 
[31merror[39m  2020-05-06 09:48:24  uncaughtException: listen EADDRINUSE: address already in use :::8000
Error: listen EADDRINUSE: address already in use :::8000
    at Server.setupListenHandle [as _listen2] (net.js:1280:14)
    at listenInCluster (net.js:1328:12)
    at Server.listen (net.js:1415:7)
    at Function.listen (/home/dhoaison/Desktop/node-chatbox/node_modules/express/lib/application.js:618:24)
    at Object.<anonymous> (/home/dhoaison/Desktop/node-chatbox/src/index.js:31:5)
    at Module._compile (internal/modules/cjs/loader.js:778:30)
    at Module._compile (/home/dhoaison/Desktop/node-chatbox/node_modules/pirates/lib/index.js:99:24)
    at Module._extensions..js (internal/modules/cjs/loader.js:789:10)
    at Object.newLoader [as .js] (/home/dhoaison/Desktop/node-chatbox/node_modules/pirates/lib/index.js:104:7)
    at Module.load (internal/modules/cjs/loader.js:653:32)
    at tryModuleLoad (internal/modules/cjs/loader.js:593:12)
    at Function.Module._load (internal/modules/cjs/loader.js:585:3)
    at Function.Module.runMain (internal/modules/cjs/loader.js:831:12)
    at Object.<anonymous> (/home/dhoaison/Desktop/node-chatbox/node_modules/@babel/node/lib/_babel-node.js:180:21)
    at Module._compile (internal/modules/cjs/loader.js:778:30)
    at Object.Module._extensions..js (internal/modules/cjs/loader.js:789:10)
    at Module.load (internal/modules/cjs/loader.js:653:32)
    at tryModuleLoad (internal/modules/cjs/loader.js:593:12)
    at Function.Module._load (internal/modules/cjs/loader.js:585:3)
    at Function.Module.runMain (internal/modules/cjs/loader.js:831:12)
    at startup (internal/bootstrap/node.js:283:19)
    at bootstrapNodeJSCore (internal/bootstrap/node.js:623:3) 
[31merror[39m  2020-05-06 09:48:32  uncaughtException: listen EADDRINUSE: address already in use :::8000
Error: listen EADDRINUSE: address already in use :::8000
    at Server.setupListenHandle [as _listen2] (net.js:1280:14)
    at listenInCluster (net.js:1328:12)
    at Server.listen (net.js:1415:7)
    at Function.listen (/home/dhoaison/Desktop/node-chatbox/node_modules/express/lib/application.js:618:24)
    at Object.<anonymous> (/home/dhoaison/Desktop/node-chatbox/src/index.js:31:5)
    at Module._compile (internal/modules/cjs/loader.js:778:30)
    at Module._compile (/home/dhoaison/Desktop/node-chatbox/node_modules/pirates/lib/index.js:99:24)
    at Module._extensions..js (internal/modules/cjs/loader.js:789:10)
    at Object.newLoader [as .js] (/home/dhoaison/Desktop/node-chatbox/node_modules/pirates/lib/index.js:104:7)
    at Module.load (internal/modules/cjs/loader.js:653:32)
    at tryModuleLoad (internal/modules/cjs/loader.js:593:12)
    at Function.Module._load (internal/modules/cjs/loader.js:585:3)
    at Function.Module.runMain (internal/modules/cjs/loader.js:831:12)
    at Object.<anonymous> (/home/dhoaison/Desktop/node-chatbox/node_modules/@babel/node/lib/_babel-node.js:180:21)
    at Module._compile (internal/modules/cjs/loader.js:778:30)
    at Object.Module._extensions..js (internal/modules/cjs/loader.js:789:10)
    at Module.load (internal/modules/cjs/loader.js:653:32)
    at tryModuleLoad (internal/modules/cjs/loader.js:593:12)
    at Function.Module._load (internal/modules/cjs/loader.js:585:3)
    at Function.Module.runMain (internal/modules/cjs/loader.js:831:12)
    at startup (internal/bootstrap/node.js:283:19)
    at bootstrapNodeJSCore (internal/bootstrap/node.js:623:3) 
[31merror[39m  2020-05-06 09:48:51  uncaughtException: listen EADDRINUSE: address already in use :::8000
Error: listen EADDRINUSE: address already in use :::8000
    at Server.setupListenHandle [as _listen2] (net.js:1280:14)
    at listenInCluster (net.js:1328:12)
    at Server.listen (net.js:1415:7)
    at Function.listen (/home/dhoaison/Desktop/node-chatbox/node_modules/express/lib/application.js:618:24)
    at Object.<anonymous> (/home/dhoaison/Desktop/node-chatbox/src/index.js:31:5)
    at Module._compile (internal/modules/cjs/loader.js:778:30)
    at Module._compile (/home/dhoaison/Desktop/node-chatbox/node_modules/pirates/lib/index.js:99:24)
    at Module._extensions..js (internal/modules/cjs/loader.js:789:10)
    at Object.newLoader [as .js] (/home/dhoaison/Desktop/node-chatbox/node_modules/pirates/lib/index.js:104:7)
    at Module.load (internal/modules/cjs/loader.js:653:32)
    at tryModuleLoad (internal/modules/cjs/loader.js:593:12)
    at Function.Module._load (internal/modules/cjs/loader.js:585:3)
    at Function.Module.runMain (internal/modules/cjs/loader.js:831:12)
    at Object.<anonymous> (/home/dhoaison/Desktop/node-chatbox/node_modules/@babel/node/lib/_babel-node.js:180:21)
    at Module._compile (internal/modules/cjs/loader.js:778:30)
    at Object.Module._extensions..js (internal/modules/cjs/loader.js:789:10)
    at Module.load (internal/modules/cjs/loader.js:653:32)
    at tryModuleLoad (internal/modules/cjs/loader.js:593:12)
    at Function.Module._load (internal/modules/cjs/loader.js:585:3)
    at Function.Module.runMain (internal/modules/cjs/loader.js:831:12)
    at startup (internal/bootstrap/node.js:283:19)
    at bootstrapNodeJSCore (internal/bootstrap/node.js:623:3) 
[31merror[39m  2020-05-06 09:49:46  uncaughtException: listen EADDRINUSE: address already in use :::8000
Error: listen EADDRINUSE: address already in use :::8000
    at Server.setupListenHandle [as _listen2] (net.js:1280:14)
    at listenInCluster (net.js:1328:12)
    at Server.listen (net.js:1415:7)
    at Function.listen (/home/dhoaison/Desktop/node-chatbox/node_modules/express/lib/application.js:618:24)
    at Object.<anonymous> (/home/dhoaison/Desktop/node-chatbox/src/index.js:31:5)
    at Module._compile (internal/modules/cjs/loader.js:778:30)
    at Module._compile (/home/dhoaison/Desktop/node-chatbox/node_modules/pirates/lib/index.js:99:24)
    at Module._extensions..js (internal/modules/cjs/loader.js:789:10)
    at Object.newLoader [as .js] (/home/dhoaison/Desktop/node-chatbox/node_modules/pirates/lib/index.js:104:7)
    at Module.load (internal/modules/cjs/loader.js:653:32)
    at tryModuleLoad (internal/modules/cjs/loader.js:593:12)
    at Function.Module._load (internal/modules/cjs/loader.js:585:3)
    at Function.Module.runMain (internal/modules/cjs/loader.js:831:12)
    at Object.<anonymous> (/home/dhoaison/Desktop/node-chatbox/node_modules/@babel/node/lib/_babel-node.js:180:21)
    at Module._compile (internal/modules/cjs/loader.js:778:30)
    at Object.Module._extensions..js (internal/modules/cjs/loader.js:789:10)
    at Module.load (internal/modules/cjs/loader.js:653:32)
    at tryModuleLoad (internal/modules/cjs/loader.js:593:12)
    at Function.Module._load (internal/modules/cjs/loader.js:585:3)
    at Function.Module.runMain (internal/modules/cjs/loader.js:831:12)
    at startup (internal/bootstrap/node.js:283:19)
    at bootstrapNodeJSCore (internal/bootstrap/node.js:623:3) 
[31merror[39m  2020-05-06 09:50:43  uncaughtException: listen EADDRINUSE: address already in use :::8000
Error: listen EADDRINUSE: address already in use :::8000
    at Server.setupListenHandle [as _listen2] (net.js:1280:14)
    at listenInCluster (net.js:1328:12)
    at Server.listen (net.js:1415:7)
    at Function.listen (/home/dhoaison/Desktop/node-chatbox/node_modules/express/lib/application.js:618:24)
    at Object.<anonymous> (/home/dhoaison/Desktop/node-chatbox/src/index.js:31:5)
    at Module._compile (internal/modules/cjs/loader.js:778:30)
    at Module._compile (/home/dhoaison/Desktop/node-chatbox/node_modules/pirates/lib/index.js:99:24)
    at Module._extensions..js (internal/modules/cjs/loader.js:789:10)
    at Object.newLoader [as .js] (/home/dhoaison/Desktop/node-chatbox/node_modules/pirates/lib/index.js:104:7)
    at Module.load (internal/modules/cjs/loader.js:653:32)
    at tryModuleLoad (internal/modules/cjs/loader.js:593:12)
    at Function.Module._load (internal/modules/cjs/loader.js:585:3)
    at Function.Module.runMain (internal/modules/cjs/loader.js:831:12)
    at Object.<anonymous> (/home/dhoaison/Desktop/node-chatbox/node_modules/@babel/node/lib/_babel-node.js:180:21)
    at Module._compile (internal/modules/cjs/loader.js:778:30)
    at Object.Module._extensions..js (internal/modules/cjs/loader.js:789:10)
    at Module.load (internal/modules/cjs/loader.js:653:32)
    at tryModuleLoad (internal/modules/cjs/loader.js:593:12)
    at Function.Module._load (internal/modules/cjs/loader.js:585:3)
    at Function.Module.runMain (internal/modules/cjs/loader.js:831:12)
    at startup (internal/bootstrap/node.js:283:19)
    at bootstrapNodeJSCore (internal/bootstrap/node.js:623:3) 
[31merror[39m  2020-05-06 09:51:19  uncaughtException: listen EADDRINUSE: address already in use :::8000
Error: listen EADDRINUSE: address already in use :::8000
    at Server.setupListenHandle [as _listen2] (net.js:1280:14)
    at listenInCluster (net.js:1328:12)
    at Server.listen (net.js:1415:7)
    at Function.listen (/home/dhoaison/Desktop/node-chatbox/node_modules/express/lib/application.js:618:24)
    at Object.<anonymous> (/home/dhoaison/Desktop/node-chatbox/src/index.js:31:5)
    at Module._compile (internal/modules/cjs/loader.js:778:30)
    at Module._compile (/home/dhoaison/Desktop/node-chatbox/node_modules/pirates/lib/index.js:99:24)
    at Module._extensions..js (internal/modules/cjs/loader.js:789:10)
    at Object.newLoader [as .js] (/home/dhoaison/Desktop/node-chatbox/node_modules/pirates/lib/index.js:104:7)
    at Module.load (internal/modules/cjs/loader.js:653:32)
    at tryModuleLoad (internal/modules/cjs/loader.js:593:12)
    at Function.Module._load (internal/modules/cjs/loader.js:585:3)
    at Function.Module.runMain (internal/modules/cjs/loader.js:831:12)
    at Object.<anonymous> (/home/dhoaison/Desktop/node-chatbox/node_modules/@babel/node/lib/_babel-node.js:180:21)
    at Module._compile (internal/modules/cjs/loader.js:778:30)
    at Object.Module._extensions..js (internal/modules/cjs/loader.js:789:10)
    at Module.load (internal/modules/cjs/loader.js:653:32)
    at tryModuleLoad (internal/modules/cjs/loader.js:593:12)
    at Function.Module._load (internal/modules/cjs/loader.js:585:3)
    at Function.Module.runMain (internal/modules/cjs/loader.js:831:12)
    at startup (internal/bootstrap/node.js:283:19)
    at bootstrapNodeJSCore (internal/bootstrap/node.js:623:3) 
[31merror[39m  2020-05-06 09:51:23  uncaughtException: listen EADDRINUSE: address already in use :::8000
Error: listen EADDRINUSE: address already in use :::8000
    at Server.setupListenHandle [as _listen2] (net.js:1280:14)
    at listenInCluster (net.js:1328:12)
    at Server.listen (net.js:1415:7)
    at Function.listen (/home/dhoaison/Desktop/node-chatbox/node_modules/express/lib/application.js:618:24)
    at Object.<anonymous> (/home/dhoaison/Desktop/node-chatbox/src/index.js:31:5)
    at Module._compile (internal/modules/cjs/loader.js:778:30)
    at Module._compile (/home/dhoaison/Desktop/node-chatbox/node_modules/pirates/lib/index.js:99:24)
    at Module._extensions..js (internal/modules/cjs/loader.js:789:10)
    at Object.newLoader [as .js] (/home/dhoaison/Desktop/node-chatbox/node_modules/pirates/lib/index.js:104:7)
    at Module.load (internal/modules/cjs/loader.js:653:32)
    at tryModuleLoad (internal/modules/cjs/loader.js:593:12)
    at Function.Module._load (internal/modules/cjs/loader.js:585:3)
    at Function.Module.runMain (internal/modules/cjs/loader.js:831:12)
    at Object.<anonymous> (/home/dhoaison/Desktop/node-chatbox/node_modules/@babel/node/lib/_babel-node.js:180:21)
    at Module._compile (internal/modules/cjs/loader.js:778:30)
    at Object.Module._extensions..js (internal/modules/cjs/loader.js:789:10)
    at Module.load (internal/modules/cjs/loader.js:653:32)
    at tryModuleLoad (internal/modules/cjs/loader.js:593:12)
    at Function.Module._load (internal/modules/cjs/loader.js:585:3)
    at Function.Module.runMain (internal/modules/cjs/loader.js:831:12)
    at startup (internal/bootstrap/node.js:283:19)
    at bootstrapNodeJSCore (internal/bootstrap/node.js:623:3) 
[31merror[39m  2020-05-06 09:51:46  uncaughtException: listen EADDRINUSE: address already in use :::8000
Error: listen EADDRINUSE: address already in use :::8000
    at Server.setupListenHandle [as _listen2] (net.js:1280:14)
    at listenInCluster (net.js:1328:12)
    at Server.listen (net.js:1415:7)
    at Function.listen (/home/dhoaison/Desktop/node-chatbox/node_modules/express/lib/application.js:618:24)
    at Object.<anonymous> (/home/dhoaison/Desktop/node-chatbox/src/index.js:31:5)
    at Module._compile (internal/modules/cjs/loader.js:778:30)
    at Module._compile (/home/dhoaison/Desktop/node-chatbox/node_modules/pirates/lib/index.js:99:24)
    at Module._extensions..js (internal/modules/cjs/loader.js:789:10)
    at Object.newLoader [as .js] (/home/dhoaison/Desktop/node-chatbox/node_modules/pirates/lib/index.js:104:7)
    at Module.load (internal/modules/cjs/loader.js:653:32)
    at tryModuleLoad (internal/modules/cjs/loader.js:593:12)
    at Function.Module._load (internal/modules/cjs/loader.js:585:3)
    at Function.Module.runMain (internal/modules/cjs/loader.js:831:12)
    at Object.<anonymous> (/home/dhoaison/Desktop/node-chatbox/node_modules/@babel/node/lib/_babel-node.js:180:21)
    at Module._compile (internal/modules/cjs/loader.js:778:30)
    at Object.Module._extensions..js (internal/modules/cjs/loader.js:789:10)
    at Module.load (internal/modules/cjs/loader.js:653:32)
    at tryModuleLoad (internal/modules/cjs/loader.js:593:12)
    at Function.Module._load (internal/modules/cjs/loader.js:585:3)
    at Function.Module.runMain (internal/modules/cjs/loader.js:831:12)
    at startup (internal/bootstrap/node.js:283:19)
    at bootstrapNodeJSCore (internal/bootstrap/node.js:623:3) 
